# JRE version: Java(TM) SE Runtime Environment (8.0_191-b12) (build 1.8.0_191-b12)
# Java VM: Java HotSpot(TM) 64-Bit Server VM (25.191-b12 mixed mode windows-amd64 compressed oops)
Heap:
 PSYoungGen      total 332800K, used 11082K [0x000000076bd80000, 0x0000000781380000, 0x00000007c0000000)
  eden space 316416K, 0% used [0x000000076bd80000,0x000000076bd80000,0x000000077f280000)
  from space 16384K, 67% used [0x0000000780380000,0x0000000780e52ba8,0x0000000781380000)
  to   space 16896K, 0% used [0x000000077f280000,0x000000077f280000,0x0000000780300000)
 ParOldGen       total 149504K, used 20051K [0x00000006c3800000, 0x00000006cca00000, 0x000000076bd80000)
  object space 149504K, 13% used [0x00000006c3800000,0x00000006c4b94e90,0x00000006cca00000)
 Metaspace       used 42823K, capacity 45002K, committed 45056K, reserved 1087488K
  class space    used 5718K, capacity 6124K, committed 6144K, reserved 1048576K
GC Heap History (10 events):
Event: 4.285 GC heap after
Heap after GC invocations=8 (full 1):
 PSYoungGen      total 179712K, used 13396K [0x000000076bd80000, 0x000000077e780000, 0x00000007c0000000)
  eden space 164864K, 0% used [0x000000076bd80000,0x000000076bd80000,0x0000000775e80000)
  from space 14848K, 90% used [0x0000000775e80000,0x0000000776b95128,0x0000000776d00000)
  to   space 16384K, 0% used [0x000000077d780000,0x000000077d780000,0x000000077e780000)
 ParOldGen       total 96256K, used 12680K [0x00000006c3800000, 0x00000006c9600000, 0x000000076bd80000)
  object space 96256K, 13% used [0x00000006c3800000,0x00000006c4462030,0x00000006c9600000)
 Metaspace       used 33947K, capacity 35422K, committed 35496K, reserved 1079296K
  class space    used 4517K, capacity 4820K, committed 4864K, reserved 1048576K
}
Event: 4.285 GC heap before
{Heap before GC invocations=9 (full 2):
 PSYoungGen      total 179712K, used 13396K [0x000000076bd80000, 0x000000077e780000, 0x00000007c0000000)
  eden space 164864K, 0% used [0x000000076bd80000,0x000000076bd80000,0x0000000775e80000)
  from space 14848K, 90% used [0x0000000775e80000,0x0000000776b95128,0x0000000776d00000)
  to   space 16384K, 0% used [0x000000077d780000,0x000000077d780000,0x000000077e780000)
 ParOldGen       total 96256K, used 12680K [0x00000006c3800000, 0x00000006c9600000, 0x000000076bd80000)
  object space 96256K, 13% used [0x00000006c3800000,0x00000006c4462030,0x00000006c9600000)
 Metaspace       used 33947K, capacity 35422K, committed 35496K, reserved 1079296K
  class space    used 4517K, capacity 4820K, committed 4864K, reserved 1048576K
Event: 4.323 GC heap after
Heap after GC invocations=9 (full 2):
 PSYoungGen      total 179712K, used 0K [0x000000076bd80000, 0x000000077e780000, 0x00000007c0000000)
  eden space 164864K, 0% used [0x000000076bd80000,0x000000076bd80000,0x0000000775e80000)
  from space 14848K, 0% used [0x0000000775e80000,0x0000000775e80000,0x0000000776d00000)
  to   space 16384K, 0% used [0x000000077d780000,0x000000077d780000,0x000000077e780000)
 ParOldGen       total 149504K, used 19890K [0x00000006c3800000, 0x00000006cca00000, 0x000000076bd80000)
  object space 149504K, 13% used [0x00000006c3800000,0x00000006c4b6ca80,0x00000006cca00000)
 Metaspace       used 33947K, capacity 35422K, committed 35496K, reserved 1079296K
  class space    used 4517K, capacity 4820K, committed 4864K, reserved 1048576K
}
Event: 4.911 GC heap before
{Heap before GC invocations=10 (full 2):
 PSYoungGen      total 179712K, used 164864K [0x000000076bd80000, 0x000000077e780000, 0x00000007c0000000)
  eden space 164864K, 100% used [0x000000076bd80000,0x0000000775e80000,0x0000000775e80000)
  from space 14848K, 0% used [0x0000000775e80000,0x0000000775e80000,0x0000000776d00000)
  to   space 16384K, 0% used [0x000000077d780000,0x000000077d780000,0x000000077e780000)
 ParOldGen       total 149504K, used 19890K [0x00000006c3800000, 0x00000006cca00000, 0x000000076bd80000)
  object space 149504K, 13% used [0x00000006c3800000,0x00000006c4b6ca80,0x00000006cca00000)
 Metaspace       used 38220K, capacity 39908K, committed 40192K, reserved 1083392K
  class space    used 5014K, capacity 5337K, committed 5376K, reserved 1048576K
Event: 4.917 GC heap after
Heap after GC invocations=10 (full 2):
 PSYoungGen      total 259584K, used 9678K [0x000000076bd80000, 0x000000077e100000, 0x00000007c0000000)
  eden space 249856K, 0% used [0x000000076bd80000,0x000000076bd80000,0x000000077b180000)
  from space 9728K, 99% used [0x000000077d780000,0x000000077e0f3878,0x000000077e100000)
  to   space 15360K, 0% used [0x000000077c300000,0x000000077c300000,0x000000077d200000)
 ParOldGen       total 149504K, used 19898K [0x00000006c3800000, 0x00000006cca00000, 0x000000076bd80000)
  object space 149504K, 13% used [0x00000006c3800000,0x00000006c4b6ea80,0x00000006cca00000)
 Metaspace       used 38220K, capacity 39908K, committed 40192K, reserved 1083392K
  class space    used 5014K, capacity 5337K, committed 5376K, reserved 1048576K
}
Event: 5189.695 GC heap before
{Heap before GC invocations=11 (full 2):
 PSYoungGen      total 259584K, used 259534K [0x000000076bd80000, 0x000000077e100000, 0x00000007c0000000)
  eden space 249856K, 100% used [0x000000076bd80000,0x000000077b180000,0x000000077b180000)
  from space 9728K, 99% used [0x000000077d780000,0x000000077e0f3878,0x000000077e100000)
  to   space 15360K, 0% used [0x000000077c300000,0x000000077c300000,0x000000077d200000)
 ParOldGen       total 149504K, used 19898K [0x00000006c3800000, 0x00000006cca00000, 0x000000076bd80000)
  object space 149504K, 13% used [0x00000006c3800000,0x00000006c4b6ea80,0x00000006cca00000)
 Metaspace       used 42550K, capacity 44654K, committed 44800K, reserved 1087488K
  class space    used 5679K, capacity 6077K, committed 6144K, reserved 1048576K
Event: 5189.740 GC heap after
Heap after GC invocations=11 (full 2):
 PSYoungGen      total 283136K, used 15329K [0x000000076bd80000, 0x0000000781480000, 0x00000007c0000000)
  eden space 267776K, 0% used [0x000000076bd80000,0x000000076bd80000,0x000000077c300000)
  from space 15360K, 99% used [0x000000077c300000,0x000000077d1f8538,0x000000077d200000)
  to   space 17408K, 0% used [0x0000000780380000,0x0000000780380000,0x0000000781480000)
 ParOldGen       total 149504K, used 20043K [0x00000006c3800000, 0x00000006cca00000, 0x000000076bd80000)
  object space 149504K, 13% used [0x00000006c3800000,0x00000006c4b92e90,0x00000006cca00000)
 Metaspace       used 42550K, capacity 44654K, committed 44800K, reserved 1087488K
  class space    used 5679K, capacity 6077K, committed 6144K, reserved 1048576K
}
Event: 15462.976 GC heap before
{Heap before GC invocations=12 (full 2):
 PSYoungGen      total 283136K, used 197886K [0x000000076bd80000, 0x0000000781480000, 0x00000007c0000000)
  eden space 267776K, 68% used [0x000000076bd80000,0x0000000776fc7410,0x000000077c300000)
  from space 15360K, 99% used [0x000000077c300000,0x000000077d1f8538,0x000000077d200000)
  to   space 17408K, 0% used [0x0000000780380000,0x0000000780380000,0x0000000781480000)
 ParOldGen       total 149504K, used 20043K [0x00000006c3800000, 0x00000006cca00000, 0x000000076bd80000)
  object space 149504K, 13% used [0x00000006c3800000,0x00000006c4b92e90,0x00000006cca00000)
 Metaspace       used 42823K, capacity 45002K, committed 45056K, reserved 1087488K
  class space    used 5718K, capacity 6124K, committed 6144K, reserved 1048576K
Event: 15462.994 GC heap after
Heap after GC invocations=12 (full 2):
 PSYoungGen      total 332800K, used 11082K [0x000000076bd80000, 0x0000000781380000, 0x00000007c0000000)
  eden space 316416K, 0% used [0x000000076bd80000,0x000000076bd80000,0x000000077f280000)
  from space 16384K, 67% used [0x0000000780380000,0x0000000780e52ba8,0x0000000781380000)
  to   space 16896K, 0% used [0x000000077f280000,0x000000077f280000,0x0000000780300000)
 ParOldGen       total 149504K, used 20051K [0x00000006c3800000, 0x00000006cca00000, 0x000000076bd80000)
  object space 149504K, 13% used [0x00000006c3800000,0x00000006c4b94e90,0x00000006cca00000)
 Metaspace       used 42823K, capacity 45002K, committed 45056K, reserved 1087488K
  class space    used 5718K, capacity 6124K, committed 6144K, reserved 1048576K
}
Event: 15462.994 GC heap before
{Heap before GC invocations=13 (full 3):
 PSYoungGen      total 332800K, used 11082K [0x000000076bd80000, 0x0000000781380000, 0x00000007c0000000)
  eden space 316416K, 0% used [0x000000076bd80000,0x000000076bd80000,0x000000077f280000)
  from space 16384K, 67% used [0x0000000780380000,0x0000000780e52ba8,0x0000000781380000)
  to   space 16896K, 0% used [0x000000077f280000,0x000000077f280000,0x0000000780300000)
 ParOldGen       total 149504K, used 20051K [0x00000006c3800000, 0x00000006cca00000, 0x000000076bd80000)
  object space 149504K, 13% used [0x00000006c3800000,0x00000006c4b94e90,0x00000006cca00000)
 Metaspace       used 42823K, capacity 45002K, committed 45056K, reserved 1087488K
  class space    used 5718K, capacity 6124K, committed 6144K, reserved 1048576K

